<?xml version="1.0" encoding="UTF-8"?>
<!-- Generated by org.testng.reporters.JUnitReportReporter -->
<testsuite hostname="LAPTOP-DH1VUV3S" failures="0" tests="1" name="sdet.dsa.linkedlist.RunnerClass" time="0.029" errors="0" timestamp="2023-10-15T10:54:10 IST" skipped="0">
  <testcase classname="sdet.dsa.linkedlist.RunnerClass" name="TestDobuleLinkedList1" time="0.029"/>
  <system-out/>
</testsuite> <!-- sdet.dsa.linkedlist.RunnerClass -->
